<testsuites id="" name="" tests="0" failures="0" skipped="0" errors="0" time="0.034511999999999945">
</testsuites>